{"/home/kian/hfla/GitHubContributors/github-helper.js": {"path":"/home/kian/hfla/GitHubContributors/github-helper.js","statementMap":{"0":{"start":{"line":1,"column":20},"end":{"line":1,"column":44}},"1":{"start":{"line":10,"column":8},"end":{"line":12,"column":11}},"2":{"start":{"line":16,"column":20},"end":{"line":18,"column":10}},"3":{"start":{"line":20,"column":27},"end":{"line":20,"column":29}},"4":{"start":{"line":21,"column":8},"end":{"line":24,"column":9}},"5":{"start":{"line":22,"column":35},"end":{"line":22,"column":118}},"6":{"start":{"line":23,"column":12},"end":{"line":23,"column":65}},"7":{"start":{"line":25,"column":8},"end":{"line":25,"column":66}},"8":{"start":{"line":26,"column":8},"end":{"line":26,"column":64}},"9":{"start":{"line":35,"column":25},"end":{"line":35,"column":75}},"10":{"start":{"line":36,"column":22},"end":{"line":36,"column":93}},"11":{"start":{"line":37,"column":31},"end":{"line":37,"column":78}},"12":{"start":{"line":38,"column":8},"end":{"line":38,"column":61}},"13":{"start":{"line":39,"column":8},"end":{"line":39,"column":32}},"14":{"start":{"line":48,"column":20},"end":{"line":50,"column":10}},"15":{"start":{"line":52,"column":27},"end":{"line":52,"column":29}},"16":{"start":{"line":53,"column":8},"end":{"line":59,"column":9}},"17":{"start":{"line":54,"column":35},"end":{"line":57,"column":14}},"18":{"start":{"line":58,"column":12},"end":{"line":58,"column":65}},"19":{"start":{"line":60,"column":8},"end":{"line":60,"column":66}},"20":{"start":{"line":61,"column":8},"end":{"line":61,"column":64}},"21":{"start":{"line":71,"column":20},"end":{"line":73,"column":10}},"22":{"start":{"line":75,"column":27},"end":{"line":75,"column":29}},"23":{"start":{"line":76,"column":8},"end":{"line":80,"column":9}},"24":{"start":{"line":77,"column":29},"end":{"line":77,"column":137}},"25":{"start":{"line":78,"column":35},"end":{"line":78,"column":80}},"26":{"start":{"line":79,"column":12},"end":{"line":79,"column":65}},"27":{"start":{"line":81,"column":8},"end":{"line":81,"column":66}},"28":{"start":{"line":82,"column":8},"end":{"line":82,"column":64}},"29":{"start":{"line":91,"column":20},"end":{"line":93,"column":10}},"30":{"start":{"line":95,"column":27},"end":{"line":95,"column":29}},"31":{"start":{"line":96,"column":8},"end":{"line":99,"column":9}},"32":{"start":{"line":97,"column":35},"end":{"line":97,"column":118}},"33":{"start":{"line":98,"column":12},"end":{"line":98,"column":65}},"34":{"start":{"line":100,"column":8},"end":{"line":100,"column":66}},"35":{"start":{"line":101,"column":8},"end":{"line":101,"column":64}},"36":{"start":{"line":111,"column":27},"end":{"line":114,"column":10}},"37":{"start":{"line":115,"column":34},"end":{"line":115,"column":82}},"38":{"start":{"line":117,"column":35},"end":{"line":117,"column":109}},"39":{"start":{"line":118,"column":8},"end":{"line":118,"column":65}},"40":{"start":{"line":119,"column":8},"end":{"line":119,"column":36}},"41":{"start":{"line":130,"column":25},"end":{"line":130,"column":75}},"42":{"start":{"line":131,"column":28},"end":{"line":131,"column":108}},"43":{"start":{"line":132,"column":34},"end":{"line":132,"column":85}},"44":{"start":{"line":133,"column":8},"end":{"line":133,"column":64}},"45":{"start":{"line":134,"column":8},"end":{"line":134,"column":35}},"46":{"start":{"line":145,"column":36},"end":{"line":145,"column":38}},"47":{"start":{"line":146,"column":8},"end":{"line":166,"column":9}},"48":{"start":{"line":147,"column":30},"end":{"line":147,"column":108}},"49":{"start":{"line":149,"column":12},"end":{"line":149,"column":38}},"50":{"start":{"line":149,"column":29},"end":{"line":149,"column":38}},"51":{"start":{"line":151,"column":12},"end":{"line":165,"column":13}},"52":{"start":{"line":152,"column":16},"end":{"line":156,"column":17}},"53":{"start":{"line":153,"column":20},"end":{"line":153,"column":101}},"54":{"start":{"line":155,"column":20},"end":{"line":155,"column":74}},"55":{"start":{"line":159,"column":16},"end":{"line":164,"column":17}},"56":{"start":{"line":160,"column":20},"end":{"line":160,"column":71}},"57":{"start":{"line":162,"column":20},"end":{"line":162,"column":72}},"58":{"start":{"line":163,"column":20},"end":{"line":163,"column":76}},"59":{"start":{"line":168,"column":8},"end":{"line":168,"column":69}},"60":{"start":{"line":177,"column":20},"end":{"line":177,"column":22}},"61":{"start":{"line":178,"column":8},"end":{"line":180,"column":9}},"62":{"start":{"line":179,"column":12},"end":{"line":179,"column":41}},"63":{"start":{"line":181,"column":8},"end":{"line":181,"column":21}},"64":{"start":{"line":190,"column":27},"end":{"line":198,"column":9}},"65":{"start":{"line":191,"column":12},"end":{"line":193,"column":15}},"66":{"start":{"line":192,"column":16},"end":{"line":192,"column":25}},"67":{"start":{"line":194,"column":12},"end":{"line":196,"column":13}},"68":{"start":{"line":195,"column":16},"end":{"line":195,"column":26}},"69":{"start":{"line":197,"column":12},"end":{"line":197,"column":21}},"70":{"start":{"line":199,"column":8},"end":{"line":199,"column":27}},"71":{"start":{"line":203,"column":0},"end":{"line":203,"column":30}}},"fnMap":{"0":{"name":"(anonymous_0)","decl":{"start":{"line":9,"column":4},"end":{"line":9,"column":5}},"loc":{"start":{"line":9,"column":25},"end":{"line":13,"column":5}},"line":9},"1":{"name":"(anonymous_1)","decl":{"start":{"line":15,"column":4},"end":{"line":15,"column":5}},"loc":{"start":{"line":15,"column":51},"end":{"line":27,"column":5}},"line":15},"2":{"name":"(anonymous_2)","decl":{"start":{"line":34,"column":4},"end":{"line":34,"column":5}},"loc":{"start":{"line":34,"column":54},"end":{"line":40,"column":5}},"line":34},"3":{"name":"(anonymous_3)","decl":{"start":{"line":47,"column":4},"end":{"line":47,"column":5}},"loc":{"start":{"line":47,"column":36},"end":{"line":62,"column":5}},"line":47},"4":{"name":"(anonymous_4)","decl":{"start":{"line":70,"column":4},"end":{"line":70,"column":5}},"loc":{"start":{"line":70,"column":50},"end":{"line":83,"column":5}},"line":70},"5":{"name":"(anonymous_5)","decl":{"start":{"line":90,"column":4},"end":{"line":90,"column":5}},"loc":{"start":{"line":90,"column":49},"end":{"line":102,"column":5}},"line":90},"6":{"name":"(anonymous_6)","decl":{"start":{"line":110,"column":4},"end":{"line":110,"column":5}},"loc":{"start":{"line":110,"column":54},"end":{"line":120,"column":5}},"line":110},"7":{"name":"(anonymous_7)","decl":{"start":{"line":129,"column":4},"end":{"line":129,"column":5}},"loc":{"start":{"line":129,"column":55},"end":{"line":135,"column":5}},"line":129},"8":{"name":"(anonymous_8)","decl":{"start":{"line":143,"column":4},"end":{"line":143,"column":5}},"loc":{"start":{"line":143,"column":67},"end":{"line":169,"column":5}},"line":143},"9":{"name":"(anonymous_9)","decl":{"start":{"line":176,"column":4},"end":{"line":176,"column":5}},"loc":{"start":{"line":176,"column":42},"end":{"line":182,"column":5}},"line":176},"10":{"name":"(anonymous_10)","decl":{"start":{"line":189,"column":4},"end":{"line":189,"column":5}},"loc":{"start":{"line":189,"column":23},"end":{"line":200,"column":5}},"line":189},"11":{"name":"(anonymous_11)","decl":{"start":{"line":190,"column":27},"end":{"line":190,"column":28}},"loc":{"start":{"line":190,"column":41},"end":{"line":198,"column":9}},"line":190}},"branchMap":{"0":{"loc":{"start":{"line":35,"column":25},"end":{"line":35,"column":75}},"type":"cond-expr","locations":[{"start":{"line":35,"column":35},"end":{"line":35,"column":57}},{"start":{"line":35,"column":60},"end":{"line":35,"column":75}}],"line":35},"1":{"loc":{"start":{"line":77,"column":29},"end":{"line":77,"column":137}},"type":"cond-expr","locations":[{"start":{"line":77,"column":39},"end":{"line":77,"column":90}},{"start":{"line":77,"column":93},"end":{"line":77,"column":137}}],"line":77},"2":{"loc":{"start":{"line":130,"column":25},"end":{"line":130,"column":75}},"type":"cond-expr","locations":[{"start":{"line":130,"column":35},"end":{"line":130,"column":57}},{"start":{"line":130,"column":60},"end":{"line":130,"column":75}}],"line":130},"3":{"loc":{"start":{"line":147,"column":30},"end":{"line":147,"column":108}},"type":"cond-expr","locations":[{"start":{"line":147,"column":57},"end":{"line":147,"column":93}},{"start":{"line":147,"column":96},"end":{"line":147,"column":108}}],"line":147},"4":{"loc":{"start":{"line":149,"column":12},"end":{"line":149,"column":38}},"type":"if","locations":[{"start":{"line":149,"column":12},"end":{"line":149,"column":38}},{"start":{"line":149,"column":12},"end":{"line":149,"column":38}}],"line":149},"5":{"loc":{"start":{"line":151,"column":12},"end":{"line":165,"column":13}},"type":"if","locations":[{"start":{"line":151,"column":12},"end":{"line":165,"column":13}},{"start":{"line":151,"column":12},"end":{"line":165,"column":13}}],"line":151},"6":{"loc":{"start":{"line":152,"column":16},"end":{"line":156,"column":17}},"type":"if","locations":[{"start":{"line":152,"column":16},"end":{"line":156,"column":17}},{"start":{"line":152,"column":16},"end":{"line":156,"column":17}}],"line":152},"7":{"loc":{"start":{"line":159,"column":16},"end":{"line":164,"column":17}},"type":"if","locations":[{"start":{"line":159,"column":16},"end":{"line":164,"column":17}},{"start":{"line":159,"column":16},"end":{"line":164,"column":17}}],"line":159},"8":{"loc":{"start":{"line":191,"column":12},"end":{"line":193,"column":15}},"type":"if","locations":[{"start":{"line":191,"column":12},"end":{"line":193,"column":15}},{"start":{"line":191,"column":12},"end":{"line":193,"column":15}}],"line":191},"9":{"loc":{"start":{"line":194,"column":12},"end":{"line":196,"column":13}},"type":"if","locations":[{"start":{"line":194,"column":12},"end":{"line":196,"column":13}},{"start":{"line":194,"column":12},"end":{"line":196,"column":13}}],"line":194}},"s":{"0":1,"1":1,"2":0,"3":0,"4":0,"5":0,"6":0,"7":0,"8":0,"9":0,"10":0,"11":0,"12":0,"13":0,"14":0,"15":0,"16":0,"17":0,"18":0,"19":0,"20":0,"21":0,"22":0,"23":0,"24":0,"25":0,"26":0,"27":0,"28":0,"29":0,"30":0,"31":0,"32":0,"33":0,"34":0,"35":0,"36":0,"37":0,"38":0,"39":0,"40":0,"41":0,"42":0,"43":0,"44":0,"45":0,"46":0,"47":0,"48":0,"49":0,"50":0,"51":0,"52":0,"53":0,"54":0,"55":0,"56":0,"57":0,"58":0,"59":0,"60":1,"61":1,"62":5,"63":1,"64":0,"65":0,"66":0,"67":0,"68":0,"69":0,"70":0,"71":1},"f":{"0":1,"1":0,"2":0,"3":0,"4":0,"5":0,"6":0,"7":0,"8":0,"9":1,"10":0,"11":0},"b":{"0":[0,0],"1":[0,0],"2":[0,0],"3":[0,0],"4":[0,0],"5":[0,0],"6":[0,0],"7":[0,0],"8":[0,0],"9":[0,0]},"_coverageSchema":"1a1c01bbd47fc00a2c39e90264f33305004495a9","hash":"dc798c633266f790d6b66edb24b37512f3435b0b"}
}
