TN:
SF:github-helper.js
FN:9,(anonymous_0)
FN:15,(anonymous_1)
FN:34,(anonymous_2)
FN:47,(anonymous_3)
FN:70,(anonymous_4)
FN:90,(anonymous_5)
FN:110,(anonymous_6)
FN:129,(anonymous_7)
FN:143,(anonymous_8)
FN:176,(anonymous_9)
FN:189,(anonymous_10)
FN:190,(anonymous_11)
FNF:12
FNH:2
FNDA:1,(anonymous_0)
FNDA:0,(anonymous_1)
FNDA:0,(anonymous_2)
FNDA:0,(anonymous_3)
FNDA:0,(anonymous_4)
FNDA:0,(anonymous_5)
FNDA:0,(anonymous_6)
FNDA:0,(anonymous_7)
FNDA:0,(anonymous_8)
FNDA:1,(anonymous_9)
FNDA:0,(anonymous_10)
FNDA:0,(anonymous_11)
DA:1,1
DA:10,1
DA:16,0
DA:20,0
DA:21,0
DA:22,0
DA:23,0
DA:25,0
DA:26,0
DA:35,0
DA:36,0
DA:37,0
DA:38,0
DA:39,0
DA:48,0
DA:52,0
DA:53,0
DA:54,0
DA:58,0
DA:60,0
DA:61,0
DA:71,0
DA:75,0
DA:76,0
DA:77,0
DA:78,0
DA:79,0
DA:81,0
DA:82,0
DA:91,0
DA:95,0
DA:96,0
DA:97,0
DA:98,0
DA:100,0
DA:101,0
DA:111,0
DA:115,0
DA:117,0
DA:118,0
DA:119,0
DA:130,0
DA:131,0
DA:132,0
DA:133,0
DA:134,0
DA:145,0
DA:146,0
DA:147,0
DA:149,0
DA:151,0
DA:152,0
DA:153,0
DA:155,0
DA:159,0
DA:160,0
DA:162,0
DA:163,0
DA:168,0
DA:177,1
DA:178,1
DA:179,5
DA:181,1
DA:190,0
DA:191,0
DA:192,0
DA:194,0
DA:195,0
DA:197,0
DA:199,0
DA:203,1
LF:71
LH:7
BRDA:35,0,0,0
BRDA:35,0,1,0
BRDA:77,1,0,0
BRDA:77,1,1,0
BRDA:130,2,0,0
BRDA:130,2,1,0
BRDA:147,3,0,0
BRDA:147,3,1,0
BRDA:149,4,0,0
BRDA:149,4,1,0
BRDA:151,5,0,0
BRDA:151,5,1,0
BRDA:152,6,0,0
BRDA:152,6,1,0
BRDA:159,7,0,0
BRDA:159,7,1,0
BRDA:191,8,0,0
BRDA:191,8,1,0
BRDA:194,9,0,0
BRDA:194,9,1,0
BRF:20
BRH:0
end_of_record
